<?xml version="1.0" encoding="UTF-8"?>
<testng-results ignored="0" total="1" passed="1" failed="0" skipped="0">
  <reporter-output>
  </reporter-output>
  <suite started-at="2023-03-30T08:50:18 IST" name="Default suite" finished-at="2023-03-30T08:52:08 IST" duration-ms="110587">
    <groups>
    </groups>
    <test started-at="2023-03-30T08:50:18 IST" name="Default test" finished-at="2023-03-30T08:52:08 IST" duration-ms="110587">
      <class name="scripts.DownloadTranscriptScenario">
        <test-method is-config="true" signature="setDriver()[pri:0, instance:scripts.DownloadTranscriptScenario@5b218417]" started-at="2023-03-30T08:50:18 IST" name="setDriver" finished-at="2023-03-30T08:50:19 IST" duration-ms="1619" status="PASS">
          <reporter-output>
          </reporter-output>
        </test-method> <!-- setDriver -->
        <test-method signature="downloadTranscripts(java.lang.String,java.lang.String)[pri:0, instance:scripts.DownloadTranscriptScenario@5b218417]" started-at="2023-03-30T08:50:20 IST" name="downloadTranscripts" data-provider="DP1" finished-at="2023-03-30T08:52:08 IST" duration-ms="108492" status="PASS">
          <params>
            <param index="0">
              <value>
                <![CDATA[bendi.p]]>
              </value>
            </param>
            <param index="1">
              <value>
                <![CDATA[Neu@msis061804$]]>
              </value>
            </param>
          </params>
          <reporter-output>
          </reporter-output>
        </test-method> <!-- downloadTranscripts -->
      </class> <!-- scripts.DownloadTranscriptScenario -->
    </test> <!-- Default test -->
  </suite> <!-- Default suite -->
</testng-results>
